# JRE version: Java(TM) SE Runtime Environment (19.0.2+7) (build 19.0.2+7-44)
# Java VM: Java HotSpot(TM) 64-Bit Server VM (19.0.2+7-44, mixed mode, sharing, tiered, compressed oops, compressed class ptrs, g1 gc, windows-amd64)
GC Precious Log:
 CardTable entry size: 512
 Card Set container configuration: InlinePtr #cards 4 size 8 Array Of Cards #cards 16 size 48 Howl #buckets 8 coarsen threshold 3686 Howl Bitmap #cards 512 size 80 coarsen threshold 460 Card regions per heap region 1 cards per card region 4096
 CPUs: 8 total, 8 available
 Memory: 16190M
 Large Page Support: Disabled
 NUMA Support: Disabled
 Compressed Oops: Enabled (Zero based)
 Heap Region Size: 2M
 Heap Min Capacity: 8M
 Heap Initial Capacity: 254M
 Heap Max Capacity: 4048M
 Pre-touch: Disabled
 Parallel Workers: 8
 Concurrent Workers: 2
 Concurrent Refinement Workers: 8
 Periodic GC: Disabled
Heap:
 garbage-first heap   total 61440K, used 32131K [0x0000000703000000, 0x0000000800000000)
  region size 2048K, 7 young (14336K), 2 survivors (4096K)
 Metaspace       used 60481K, committed 61120K, reserved 1114112K
  class space    used 7862K, committed 8128K, reserved 1048576K
GC Heap History (20 events):
Event: 2.469 GC heap before
{Heap before GC invocations=1 (full 0):
 garbage-first heap   total 260096K, used 33151K [0x0000000703000000, 0x0000000800000000)
  region size 2048K, 15 young (30720K), 2 survivors (4096K)
 Metaspace       used 12295K, committed 12608K, reserved 1114112K
  class space    used 1412K, committed 1536K, reserved 1048576K
}
Event: 2.476 GC heap after
{Heap after GC invocations=2 (full 0):
 garbage-first heap   total 260096K, used 8967K [0x0000000703000000, 0x0000000800000000)
  region size 2048K, 2 young (4096K), 2 survivors (4096K)
 Metaspace       used 12295K, committed 12608K, reserved 1114112K
  class space    used 1412K, committed 1536K, reserved 1048576K
}
Event: 5.238 GC heap before
{Heap before GC invocations=2 (full 0):
 garbage-first heap   total 260096K, used 58119K [0x0000000703000000, 0x0000000800000000)
  region size 2048K, 28 young (57344K), 2 survivors (4096K)
 Metaspace       used 21269K, committed 21504K, reserved 1114112K
  class space    used 2498K, committed 2624K, reserved 1048576K
}
Event: 5.247 GC heap after
{Heap after GC invocations=3 (full 0):
 garbage-first heap   total 260096K, used 12667K [0x0000000703000000, 0x0000000800000000)
  region size 2048K, 4 young (8192K), 4 survivors (8192K)
 Metaspace       used 21269K, committed 21504K, reserved 1114112K
  class space    used 2498K, committed 2624K, reserved 1048576K
}
Event: 7.307 GC heap before
{Heap before GC invocations=4 (full 0):
 garbage-first heap   total 61440K, used 41339K [0x0000000703000000, 0x0000000800000000)
  region size 2048K, 18 young (36864K), 4 survivors (8192K)
 Metaspace       used 25860K, committed 26304K, reserved 1114112K
  class space    used 3198K, committed 3392K, reserved 1048576K
}
Event: 7.319 GC heap after
{Heap after GC invocations=5 (full 0):
 garbage-first heap   total 61440K, used 15629K [0x0000000703000000, 0x0000000800000000)
  region size 2048K, 2 young (4096K), 2 survivors (4096K)
 Metaspace       used 25860K, committed 26304K, reserved 1114112K
  class space    used 3198K, committed 3392K, reserved 1048576K
}
Event: 7.564 GC heap before
{Heap before GC invocations=5 (full 0):
 garbage-first heap   total 61440K, used 17677K [0x0000000703000000, 0x0000000800000000)
  region size 2048K, 3 young (6144K), 2 survivors (4096K)
 Metaspace       used 26445K, committed 27008K, reserved 1114112K
  class space    used 3260K, committed 3520K, reserved 1048576K
}
Event: 7.569 GC heap after
{Heap after GC invocations=6 (full 0):
 garbage-first heap   total 61440K, used 15911K [0x0000000703000000, 0x0000000800000000)
  region size 2048K, 1 young (2048K), 1 survivors (2048K)
 Metaspace       used 26445K, committed 27008K, reserved 1114112K
  class space    used 3260K, committed 3520K, reserved 1048576K
}
Event: 8.770 GC heap before
{Heap before GC invocations=6 (full 0):
 garbage-first heap   total 61440K, used 38439K [0x0000000703000000, 0x0000000800000000)
  region size 2048K, 13 young (26624K), 1 survivors (2048K)
 Metaspace       used 31019K, committed 31488K, reserved 1114112K
  class space    used 3808K, committed 4032K, reserved 1048576K
}
Event: 8.774 GC heap after
{Heap after GC invocations=7 (full 0):
 garbage-first heap   total 61440K, used 17148K [0x0000000703000000, 0x0000000800000000)
  region size 2048K, 1 young (2048K), 1 survivors (2048K)
 Metaspace       used 31019K, committed 31488K, reserved 1114112K
  class space    used 3808K, committed 4032K, reserved 1048576K
}
Event: 9.694 GC heap before
{Heap before GC invocations=7 (full 0):
 garbage-first heap   total 61440K, used 31484K [0x0000000703000000, 0x0000000800000000)
  region size 2048K, 9 young (18432K), 1 survivors (2048K)
 Metaspace       used 35377K, committed 35968K, reserved 1114112K
  class space    used 4489K, committed 4800K, reserved 1048576K
}
Event: 9.699 GC heap after
{Heap after GC invocations=8 (full 0):
 garbage-first heap   total 61440K, used 17896K [0x0000000703000000, 0x0000000800000000)
  region size 2048K, 2 young (4096K), 2 survivors (4096K)
 Metaspace       used 35377K, committed 35968K, reserved 1114112K
  class space    used 4489K, committed 4800K, reserved 1048576K
}
Event: 11.597 GC heap before
{Heap before GC invocations=9 (full 0):
 garbage-first heap   total 61440K, used 42472K [0x0000000703000000, 0x0000000800000000)
  region size 2048K, 14 young (28672K), 2 survivors (4096K)
 Metaspace       used 45526K, committed 46080K, reserved 1114112K
  class space    used 5688K, committed 5888K, reserved 1048576K
}
Event: 11.605 GC heap after
{Heap after GC invocations=10 (full 0):
 garbage-first heap   total 61440K, used 20543K [0x0000000703000000, 0x0000000800000000)
  region size 2048K, 2 young (4096K), 2 survivors (4096K)
 Metaspace       used 45526K, committed 46080K, reserved 1114112K
  class space    used 5688K, committed 5888K, reserved 1048576K
}
Event: 12.701 GC heap before
{Heap before GC invocations=10 (full 0):
 garbage-first heap   total 61440K, used 43071K [0x0000000703000000, 0x0000000800000000)
  region size 2048K, 13 young (26624K), 2 survivors (4096K)
 Metaspace       used 52755K, committed 53312K, reserved 1114112K
  class space    used 6748K, committed 6976K, reserved 1048576K
}
Event: 12.707 GC heap after
{Heap after GC invocations=11 (full 0):
 garbage-first heap   total 61440K, used 21969K [0x0000000703000000, 0x0000000800000000)
  region size 2048K, 1 young (2048K), 1 survivors (2048K)
 Metaspace       used 52755K, committed 53312K, reserved 1114112K
  class space    used 6748K, committed 6976K, reserved 1048576K
}
Event: 13.792 GC heap before
{Heap before GC invocations=11 (full 0):
 garbage-first heap   total 61440K, used 46545K [0x0000000703000000, 0x0000000800000000)
  region size 2048K, 13 young (26624K), 1 survivors (2048K)
 Metaspace       used 58938K, committed 59520K, reserved 1114112K
  class space    used 7564K, committed 7808K, reserved 1048576K
}
Event: 13.797 GC heap after
{Heap after GC invocations=12 (full 0):
 garbage-first heap   total 61440K, used 23445K [0x0000000703000000, 0x0000000800000000)
  region size 2048K, 2 young (4096K), 2 survivors (4096K)
 Metaspace       used 58938K, committed 59520K, reserved 1114112K
  class space    used 7564K, committed 7808K, reserved 1048576K
}
Event: 14.161 GC heap before
{Heap before GC invocations=12 (full 0):
 garbage-first heap   total 61440K, used 27541K [0x0000000703000000, 0x0000000800000000)
  region size 2048K, 5 young (10240K), 2 survivors (4096K)
 Metaspace       used 59770K, committed 60288K, reserved 1114112K
  class space    used 7713K, committed 7936K, reserved 1048576K
}
Event: 14.168 GC heap after
{Heap after GC invocations=13 (full 0):
 garbage-first heap   total 61440K, used 23939K [0x0000000703000000, 0x0000000800000000)
  region size 2048K, 2 young (4096K), 2 survivors (4096K)
 Metaspace       used 59770K, committed 60288K, reserved 1114112K
  class space    used 7713K, committed 7936K, reserved 1048576K
}

